2013/12/03 21:35:36 [INFO] - *** Request 1 (0.050/s) [9700] [Tue Dec  3 21:35:36 2013] ***
2013/12/03 21:35:36 [DEBUG] - Path is "/"
2013/12/03 21:35:36 [DEBUG] - "HEAD" request for "/" from "127.0.0.1"
2013/12/03 21:35:36 [DEBUG] - Response Code: 200; Content-Type: text/html; charset=utf-8; Content-Length: 5504
2013/12/03 21:35:36 [INFO] - Request took 0.009164s (109.123/s)
.------------------------------------------------------------+-----------.
| Action                                                     | Time      |
+------------------------------------------------------------+-----------+
| /index                                                     | 0.000540s |
| /end                                                       | 0.000555s |
'------------------------------------------------------------+-----------'

2013/12/03 21:35:43 [INFO] - *** Request 2 (0.074/s) [9700] [Tue Dec  3 21:35:43 2013] ***
2013/12/03 21:35:43 [DEBUG] - Path is "funnyio"
2013/12/03 21:35:43 [DEBUG] - "HEAD" request for "funnyio" from "127.0.0.1"
2013/12/03 21:35:43 [DEBUG] - Sending uncompressed
2013/12/03 21:35:43 [ERROR] - Caught exception in MyApp::FunnyIO::Web::Controller::FunnyIO->index "MyApp::FunnyIO::Domain::FunnyIO: input parameter not a filename, filehandle, array ref or scalar ref at constructor MyApp::FunnyIO::Domain::FunnyIO::new (defined at lib/MyApp/FunnyIO/Domain/FunnyIO.pm line 42) line 9."
2013/12/03 21:35:43 [DEBUG] - Response Code: 500; Content-Type: text/html; charset=utf-8; Content-Length: 11291
2013/12/03 21:35:43 [INFO] - Request took 0.021206s (47.156/s)
.------------------------------------------------------------+-----------.
| Action                                                     | Time      |
+------------------------------------------------------------+-----------+
| /funnyio/index                                             | 0.004897s |
| /funnyio/end                                               | 0.000031s |
'------------------------------------------------------------+-----------'

2013/12/03 21:38:37 [INFO] - *** Request 1 (0.009/s) [9707] [Tue Dec  3 21:38:37 2013] ***
2013/12/03 21:38:37 [DEBUG] - Path is "funnyio"
2013/12/03 21:38:37 [DEBUG] - "HEAD" request for "funnyio" from "127.0.0.1"
2013/12/03 21:38:37 [DEBUG] - Sending uncompressed
2013/12/03 21:38:37 [DEBUG] - Response Code: 200; Content-Type: text/plain; Content-Length: 5877
2013/12/03 21:38:37 [INFO] - Request took 0.012767s (78.327/s)
.------------------------------------------------------------+-----------.
| Action                                                     | Time      |
+------------------------------------------------------------+-----------+
| /funnyio/index                                             | 0.004148s |
| /funnyio/end                                               | 0.000110s |
'------------------------------------------------------------+-----------'

2013/12/03 21:39:06 [INFO] - *** Request 2 (0.015/s) [9707] [Tue Dec  3 21:39:06 2013] ***
2013/12/03 21:39:06 [DEBUG] - Path is "funnyio"
2013/12/03 21:39:06 [DEBUG] - "HEAD" request for "funnyio" from "127.0.0.1"
2013/12/03 21:39:06 [DEBUG] - Sending compressed
2013/12/03 21:39:06 [DEBUG] - Response Code: 200; Content-Type: text/plain; Content-Length: 766
2013/12/03 21:39:06 [INFO] - Request took 0.014481s (69.056/s)
.------------------------------------------------------------+-----------.
| Action                                                     | Time      |
+------------------------------------------------------------+-----------+
| /funnyio/index                                             | 0.001598s |
| /funnyio/end                                               | 0.000215s |
'------------------------------------------------------------+-----------'

2013/12/03 21:39:53 [INFO] - *** Request 1 (0.167/s) [9743] [Tue Dec  3 21:39:53 2013] ***
2013/12/03 21:39:53 [DEBUG] - Path is "funnyio"
2013/12/03 21:39:53 [DEBUG] - "HEAD" request for "funnyio" from "127.0.0.1"
2013/12/03 21:39:53 [DEBUG] - Sending compressed
2013/12/03 21:39:53 [DEBUG] - Response Code: 200; Content-Type: text/plain; Content-Length: 766
2013/12/03 21:39:53 [INFO] - Request took 0.019028s (52.554/s)
.------------------------------------------------------------+-----------.
| Action                                                     | Time      |
+------------------------------------------------------------+-----------+
| /funnyio/index                                             | 0.004962s |
| /funnyio/end                                               | 0.000038s |
'------------------------------------------------------------+-----------'

2013/12/03 21:40:05 [INFO] - *** Request 2 (0.111/s) [9743] [Tue Dec  3 21:40:05 2013] ***
2013/12/03 21:40:05 [DEBUG] - Path is "funnyio"
2013/12/03 21:40:05 [DEBUG] - "HEAD" request for "funnyio" from "127.0.0.1"
2013/12/03 21:40:05 [DEBUG] - Sending uncompressed
2013/12/03 21:40:05 [WARN] - Serving filehandle without a content-length
2013/12/03 21:40:05 [DEBUG] - Response Code: 200; Content-Type: text/plain; Content-Length: unknown
2013/12/03 21:40:05 [INFO] - Request took 0.019594s (51.036/s)
.------------------------------------------------------------+-----------.
| Action                                                     | Time      |
+------------------------------------------------------------+-----------+
| /funnyio/index                                             | 0.004267s |
| /funnyio/end                                               | 0.000189s |
'------------------------------------------------------------+-----------'

2013/12/03 21:42:38 [INFO] - *** Request 3 (0.018/s) [9743] [Tue Dec  3 21:42:38 2013] ***
2013/12/03 21:42:38 [DEBUG] - Path is "funnyio"
2013/12/03 21:42:38 [DEBUG] - "HEAD" request for "funnyio" from "127.0.0.1"
2013/12/03 21:42:38 [DEBUG] - Sending uncompressed
2013/12/03 21:42:38 [WARN] - Serving filehandle without a content-length
2013/12/03 21:42:38 [DEBUG] - Response Code: 200; Content-Type: text/plain; Content-Length: unknown
2013/12/03 21:42:38 [INFO] - Request took 0.010373s (96.404/s)
.------------------------------------------------------------+-----------.
| Action                                                     | Time      |
+------------------------------------------------------------+-----------+
| /funnyio/index                                             | 0.002227s |
| /funnyio/end                                               | 0.000145s |
'------------------------------------------------------------+-----------'

2013/12/03 21:43:02 [INFO] - *** Request 4 (0.021/s) [9743] [Tue Dec  3 21:43:02 2013] ***
2013/12/03 21:43:02 [DEBUG] - Path is "funnyio"
2013/12/03 21:43:02 [DEBUG] - "HEAD" request for "funnyio" from "127.0.0.1"
2013/12/03 21:43:02 [DEBUG] - Sending compressed
2013/12/03 21:43:02 [DEBUG] - Response Code: 200; Content-Type: text/plain; Content-Length: 766
2013/12/03 21:43:02 [INFO] - Request took 0.017933s (55.763/s)
.------------------------------------------------------------+-----------.
| Action                                                     | Time      |
+------------------------------------------------------------+-----------+
| /funnyio/index                                             | 0.002016s |
| /funnyio/end                                               | 0.000263s |
'------------------------------------------------------------+-----------'

2013/12/03 21:43:44 [INFO] - *** Request 5 (0.021/s) [9743] [Tue Dec  3 21:43:43 2013] ***
2013/12/03 21:43:44 [DEBUG] - Path is "funnyio"
2013/12/03 21:43:44 [DEBUG] - "HEAD" request for "funnyio" from "127.0.0.1"
2013/12/03 21:43:44 [DEBUG] - Sending uncompressed
2013/12/03 21:43:44 [WARN] - Serving filehandle without a content-length
2013/12/03 21:43:44 [DEBUG] - Response Code: 200; Content-Type: text/plain; Content-Length: unknown
2013/12/03 21:43:44 [INFO] - Request took 0.010964s (91.208/s)
.------------------------------------------------------------+-----------.
| Action                                                     | Time      |
+------------------------------------------------------------+-----------+
| /funnyio/index                                             | 0.001796s |
| /funnyio/end                                               | 0.000100s |
'------------------------------------------------------------+-----------'

2013/12/03 21:45:26 [INFO] - *** Request 1 (0.083/s) [9849] [Tue Dec  3 21:45:26 2013] ***
2013/12/03 21:45:26 [DEBUG] - Path is "funnyio"
2013/12/03 21:45:26 [DEBUG] - "HEAD" request for "funnyio" from "127.0.0.1"
2013/12/03 21:45:26 [DEBUG] - Sending uncompressed
2013/12/03 21:45:26 [WARN] - Serving filehandle without a content-length
2013/12/03 21:45:26 [DEBUG] - Response Code: 200; Content-Type: text/plain; Content-Length: unknown
2013/12/03 21:45:26 [INFO] - Request took 0.013254s (75.449/s)
.------------------------------------------------------------+-----------.
| Action                                                     | Time      |
+------------------------------------------------------------+-----------+
| /funnyio/index                                             | 0.004672s |
| /funnyio/end                                               | 0.000145s |
'------------------------------------------------------------+-----------'

2013/12/03 21:46:31 [INFO] - *** Request 1 (0.045/s) [9873] [Tue Dec  3 21:46:31 2013] ***
2013/12/03 21:46:31 [DEBUG] - Path is "funnyio"
2013/12/03 21:46:31 [DEBUG] - "HEAD" request for "funnyio" from "127.0.0.1"
2013/12/03 21:46:31 [DEBUG] - Sending uncompressed
2013/12/03 21:46:31 [DEBUG] - Response Code: 200; Content-Type: text/plain; Content-Length: 5877
2013/12/03 21:46:31 [INFO] - Request took 0.016094s (62.135/s)
.------------------------------------------------------------+-----------.
| Action                                                     | Time      |
+------------------------------------------------------------+-----------+
| /funnyio/index                                             | 0.005511s |
| /funnyio/end                                               | 0.000100s |
'------------------------------------------------------------+-----------'

2013/12/03 21:48:43 [INFO] - *** Request 1 (0.006/s) [9874] [Tue Dec  3 21:48:43 2013] ***
2013/12/03 21:48:43 [DEBUG] - Path is "funnyio"
2013/12/03 21:48:43 [DEBUG] - "HEAD" request for "funnyio" from "127.0.0.1"
2013/12/03 21:48:43 [DEBUG] - Sending uncompressed
2013/12/03 21:48:43 [DEBUG] - Response Code: 200; Content-Type: text/plain; Content-Length: 5877
2013/12/03 21:48:43 [INFO] - Request took 0.015563s (64.255/s)
.------------------------------------------------------------+-----------.
| Action                                                     | Time      |
+------------------------------------------------------------+-----------+
| /funnyio/index                                             | 0.006089s |
| /funnyio/end                                               | 0.000101s |
'------------------------------------------------------------+-----------'

2013/12/03 21:50:02 [INFO] - *** Request 1 (0.004/s) [9875] [Tue Dec  3 21:50:02 2013] ***
2013/12/03 21:50:02 [DEBUG] - Path is "funnyio"
2013/12/03 21:50:02 [DEBUG] - "HEAD" request for "funnyio" from "127.0.0.1"
2013/12/03 21:50:02 [DEBUG] - Sending compressed
2013/12/03 21:50:02 [DEBUG] - Response Code: 200; Content-Type: text/plain; Content-Length: 766
2013/12/03 21:50:02 [INFO] - Request took 0.020983s (47.658/s)
.------------------------------------------------------------+-----------.
| Action                                                     | Time      |
+------------------------------------------------------------+-----------+
| /funnyio/index                                             | 0.007464s |
| /funnyio/end                                               | 0.000116s |
'------------------------------------------------------------+-----------'

2013/12/03 21:50:56 [INFO] - *** Request 1 (0.003/s) [9876] [Tue Dec  3 21:50:56 2013] ***
2013/12/03 21:50:56 [DEBUG] - Path is "funnyio"
2013/12/03 21:50:56 [DEBUG] - "HEAD" request for "funnyio" from "127.0.0.1"
2013/12/03 21:50:56 [DEBUG] - Sending uncompressed
2013/12/03 21:50:56 [DEBUG] - Response Code: 200; Content-Type: text/plain; Content-Length: 5877
2013/12/03 21:50:56 [INFO] - Request took 0.021349s (46.841/s)
.------------------------------------------------------------+-----------.
| Action                                                     | Time      |
+------------------------------------------------------------+-----------+
| /funnyio/index                                             | 0.009412s |
| /funnyio/end                                               | 0.000101s |
'------------------------------------------------------------+-----------'

